Arguments: 
  C:\Program Files\nodejs\node.exe C:\Program Files (x86)\Yarn\bin\yarn.js add @babel/core @babel/plugin @babel/preset-env -D

PATH: 
  C:\Program Files (x86)\Common Files\Oracle\Java\javapath;C:\Windows\system32;C:\Windows;C:\Windows\System32\Wbem;C:\Windows\System32\WindowsPowerShell\v1.0\;C:\Windows\System32\OpenSSH\;C:\ProgramData\chocolatey\bin;C:\Program Files\nodejs\;C:\Program Files (x86)\Yarn\bin\;C:\Users\denil\AppData\Local\Programs\Python\Python39;C:\Users\denil\AppData\Local\Programs\Python\Python39\Scripts;C:\Users\denil\AppData\Local\Microsoft\WindowsApps;C:\Users\denil\AppData\Local\Programs\Microsoft VS Code\bin;C:\Users\denil\AppData\Roaming\npm;C:\Users\denil\AppData\Local\Yarn\bin

Yarn version: 
  1.22.5

Node version: 
  14.17.3

Platform: 
  win32 x64

Trace: 
  Error: https://registry.yarnpkg.com/@babel%2fplugin: Not found
      at Request.params.callback [as _callback] (C:\Program Files (x86)\Yarn\lib\cli.js:66097:18)
      at Request.self.callback (C:\Program Files (x86)\Yarn\lib\cli.js:140749:22)
      at Request.emit (events.js:375:28)
      at Request.<anonymous> (C:\Program Files (x86)\Yarn\lib\cli.js:141721:10)
      at Request.emit (events.js:375:28)
      at IncomingMessage.<anonymous> (C:\Program Files (x86)\Yarn\lib\cli.js:141643:12)
      at Object.onceWrapper (events.js:481:28)
      at IncomingMessage.emit (events.js:387:35)
      at endReadableNT (internal/streams/readable.js:1317:12)
      at processTicksAndRejections (internal/process/task_queues.js:82:21)

npm manifest: 
  {
    "name": "01-github-explorer",
    "version": "1.0.0",
    "main": "index.js",
    "license": "MIT"
  }

yarn manifest: 
  No manifest

Lockfile: 
  No lockfile
